<?xml version="1.0" encoding="UTF-8"?>
<robot generator="Robot 3.2.1 (Python 3.8.2 on darwin)" generated="20210112 01:08:14.151" rpa="false">
<suite id="s1" name="Suites">
<suite id="s1-s1" name="LoginIos" source="/Users/giauthe/Documents/Pythonn Practice/testcases/Login/LoginIos.robot">
<kw name="Open SwagLabsMobileApp on ios emulator" library="CommonUtils" type="setup">
<msg timestamp="20210112 01:08:15.015" level="TRACE">Arguments: [ ${device_name}='iPhone 8 Plus' | ${platform_version}='13.3' ]</msg>
<kw name="Open Application" library="AppiumLibrary">
<doc>Opens a new application to given Appium server.
Capabilities of appium server, Android and iOS,
Please check https://github.com/appium/appium/blob/master/docs/en/writing-running-appium/server-args.md
| *Option*            | *Man.* | *Description*     |
| remote_url          | Yes    | Appium server url |
| alias               | no     | alias             |</doc>
<arguments>
<arg>${address}</arg>
<arg>autoGrantPermissions=${auto_grant_permissions}</arg>
<arg>newCommandTimeout=${new_command_timeout}</arg>
<arg>platformVersion=${platform_version}</arg>
<arg>platformName=${platform_name_ios}</arg>
<arg>deviceName=${device_name}</arg>
<arg>noReset=${no_reset}</arg>
<arg>app=${app}</arg>
</arguments>
<msg timestamp="20210112 01:08:15.018" level="TRACE">Arguments: [ 'http://localhost:4723/wd/hub' | autoGrantPermissions='true' | newCommandTimeout='1800' | platformVersion='13.3' | platformName='iOS' | deviceName='iPhone 8 Plus' | noReset='true' | app='org.reactjs.native.example.SwagLabsMobileApp' ]</msg>
<msg timestamp="20210112 01:08:15.029" level="DEBUG">POST http://127.0.0.1:4723/wd/hub/session {"capabilities": {"firstMatch": [{"appium:autoGrantPermissions": "true", "appium:newCommandTimeout": "1800", "appium:platformVersion": "13.3", "platformName": "iOS", "appium:deviceName": "iPhone 8 Plus", "appium:noReset": "true", "appium:app": "org.reactjs.native.example.SwagLabsMobileApp"}]}, "desiredCapabilities": {"autoGrantPermissions": "true", "newCommandTimeout": "1800", "platformVersion": "13.3", "platformName": "iOS", "deviceName": "iPhone 8 Plus", "noReset": "true", "app": "org.reactjs.native.example.SwagLabsMobileApp"}}</msg>
<msg timestamp="20210112 01:08:15.030" level="DEBUG">Starting new HTTP connection (1): 127.0.0.1:4723</msg>
<msg timestamp="20210112 01:08:18.042" level="DEBUG">http://127.0.0.1:4723 "POST /wd/hub/session HTTP/1.1" 200 519</msg>
<msg timestamp="20210112 01:08:18.043" level="DEBUG">Finished Request</msg>
<msg timestamp="20210112 01:08:18.045" level="DEBUG">Opened application with session id 12084fe9-0f22-4af4-a5c8-090c39aa43cc</msg>
<msg timestamp="20210112 01:08:18.045" level="TRACE">Return: 1</msg>
<status status="PASS" starttime="20210112 01:08:15.016" endtime="20210112 01:08:18.045"></status>
</kw>
<msg timestamp="20210112 01:08:18.045" level="TRACE">Return: None</msg>
<status status="PASS" starttime="20210112 01:08:15.014" endtime="20210112 01:08:18.046"></status>
</kw>
<test id="s1-s1-t1" name="TC Ios - Right user empty pass">
<kw name="invalid login">
<arguments>
<arg>problem_user</arg>
<arg>${empty}</arg>
<arg>${txt_err_password_message}</arg>
</arguments>
<msg timestamp="20210112 01:08:18.048" level="TRACE">Arguments: [ ${username}='problem_user' | ${password}='' | ${err_message}='Password is required' ]</msg>
<kw name="clear username and password text" library="LoginPageIos">
<msg timestamp="20210112 01:08:18.048" level="TRACE">Arguments: [  ]</msg>
<kw name="Clear Text" library="AppiumLibrary">
<doc>Clears the text field identified by `locator`.</doc>
<arguments>
<arg>${input_username}</arg>
</arguments>
<msg timestamp="20210112 01:08:18.049" level="TRACE">Arguments: [ 'name=test-Username' ]</msg>
<msg timestamp="20210112 01:08:18.052" level="INFO">Clear text field 'name=test-Username'</msg>
<msg timestamp="20210112 01:08:18.052" level="DEBUG">POST http://127.0.0.1:4723/wd/hub/session/12084fe9-0f22-4af4-a5c8-090c39aa43cc/elements {"using": "name", "value": "test-Username"}</msg>
<msg timestamp="20210112 01:08:18.212" level="DEBUG">http://127.0.0.1:4723 "POST /wd/hub/session/12084fe9-0f22-4af4-a5c8-090c39aa43cc/elements HTTP/1.1" 200 139</msg>
<msg timestamp="20210112 01:08:18.213" level="DEBUG">Finished Request</msg>
<msg timestamp="20210112 01:08:18.213" level="DEBUG">POST http://127.0.0.1:4723/wd/hub/session/12084fe9-0f22-4af4-a5c8-090c39aa43cc/element/3F000000-0000-0000-5473-000000000000/clear {"id": "3F000000-0000-0000-5473-000000000000"}</msg>
<msg timestamp="20210112 01:08:18.328" level="DEBUG">http://127.0.0.1:4723 "POST /wd/hub/session/12084fe9-0f22-4af4-a5c8-090c39aa43cc/element/3F000000-0000-0000-5473-000000000000/clear HTTP/1.1" 200 14</msg>
<msg timestamp="20210112 01:08:18.329" level="DEBUG">Finished Request</msg>
<msg timestamp="20210112 01:08:18.329" level="TRACE">Return: None</msg>
<status status="PASS" starttime="20210112 01:08:18.049" endtime="20210112 01:08:18.329"></status>
</kw>
<kw name="Clear Text" library="AppiumLibrary">
<doc>Clears the text field identified by `locator`.</doc>
<arguments>
<arg>${input_password}</arg>
</arguments>
<msg timestamp="20210112 01:08:18.329" level="TRACE">Arguments: [ 'name=test-Password' ]</msg>
<msg timestamp="20210112 01:08:18.331" level="INFO">Clear text field 'name=test-Password'</msg>
<msg timestamp="20210112 01:08:18.331" level="DEBUG">POST http://127.0.0.1:4723/wd/hub/session/12084fe9-0f22-4af4-a5c8-090c39aa43cc/elements {"using": "name", "value": "test-Password"}</msg>
<msg timestamp="20210112 01:08:18.510" level="DEBUG">http://127.0.0.1:4723 "POST /wd/hub/session/12084fe9-0f22-4af4-a5c8-090c39aa43cc/elements HTTP/1.1" 200 139</msg>
<msg timestamp="20210112 01:08:18.510" level="DEBUG">Finished Request</msg>
<msg timestamp="20210112 01:08:18.510" level="DEBUG">POST http://127.0.0.1:4723/wd/hub/session/12084fe9-0f22-4af4-a5c8-090c39aa43cc/element/40000000-0000-0000-5473-000000000000/clear {"id": "40000000-0000-0000-5473-000000000000"}</msg>
<msg timestamp="20210112 01:08:18.606" level="DEBUG">http://127.0.0.1:4723 "POST /wd/hub/session/12084fe9-0f22-4af4-a5c8-090c39aa43cc/element/40000000-0000-0000-5473-000000000000/clear HTTP/1.1" 200 14</msg>
<msg timestamp="20210112 01:08:18.606" level="DEBUG">Finished Request</msg>
<msg timestamp="20210112 01:08:18.606" level="TRACE">Return: None</msg>
<status status="PASS" starttime="20210112 01:08:18.329" endtime="20210112 01:08:18.606"></status>
</kw>
<msg timestamp="20210112 01:08:18.607" level="TRACE">Return: None</msg>
<status status="PASS" starttime="20210112 01:08:18.048" endtime="20210112 01:08:18.607"></status>
</kw>
<kw name="input username" library="LoginPageIos">
<arguments>
<arg>${username}</arg>
</arguments>
<msg timestamp="20210112 01:08:18.607" level="TRACE">Arguments: [ ${username}='problem_user' ]</msg>
<kw name="Input Text" library="AppiumLibrary">
<doc>Types the given `text` into text field identified by `locator`.</doc>
<arguments>
<arg>${input_username}</arg>
<arg>${username}</arg>
</arguments>
<msg timestamp="20210112 01:08:18.607" level="TRACE">Arguments: [ 'name=test-Username' | 'problem_user' ]</msg>
<msg timestamp="20210112 01:08:18.609" level="INFO">Typing text 'problem_user' into text field 'name=test-Username'</msg>
<msg timestamp="20210112 01:08:18.609" level="DEBUG">POST http://127.0.0.1:4723/wd/hub/session/12084fe9-0f22-4af4-a5c8-090c39aa43cc/elements {"using": "name", "value": "test-Username"}</msg>
<msg timestamp="20210112 01:08:18.736" level="DEBUG">http://127.0.0.1:4723 "POST /wd/hub/session/12084fe9-0f22-4af4-a5c8-090c39aa43cc/elements HTTP/1.1" 200 139</msg>
<msg timestamp="20210112 01:08:18.736" level="DEBUG">Finished Request</msg>
<msg timestamp="20210112 01:08:18.737" level="DEBUG">POST http://127.0.0.1:4723/wd/hub/session/12084fe9-0f22-4af4-a5c8-090c39aa43cc/element/3F000000-0000-0000-5473-000000000000/value {"text": "problem_user", "value": ["p", "r", "o", "b", "l", "e", "m", "_", "u", "s", "e", "r"], "id": "3F000000-0000-0000-5473-000000000000"}</msg>
<msg timestamp="20210112 01:08:20.245" level="DEBUG">http://127.0.0.1:4723 "POST /wd/hub/session/12084fe9-0f22-4af4-a5c8-090c39aa43cc/element/3F000000-0000-0000-5473-000000000000/value HTTP/1.1" 200 14</msg>
<msg timestamp="20210112 01:08:20.246" level="DEBUG">Finished Request</msg>
<msg timestamp="20210112 01:08:20.246" level="TRACE">Return: None</msg>
<status status="PASS" starttime="20210112 01:08:18.607" endtime="20210112 01:08:20.246"></status>
</kw>
<msg timestamp="20210112 01:08:20.246" level="TRACE">Return: None</msg>
<status status="PASS" starttime="20210112 01:08:18.607" endtime="20210112 01:08:20.246"></status>
</kw>
<kw name="input password" library="LoginPageIos">
<arguments>
<arg>${password}</arg>
</arguments>
<msg timestamp="20210112 01:08:20.247" level="TRACE">Arguments: [ ${password}='' ]</msg>
<kw name="Input Value" library="AppiumLibrary">
<doc>Sets the given value into text field identified by `locator`. This is an IOS only keyword, input value makes use of set_value</doc>
<arguments>
<arg>${input_password}</arg>
<arg>${password}</arg>
</arguments>
<msg timestamp="20210112 01:08:20.247" level="TRACE">Arguments: [ 'name=test-Password' | '' ]</msg>
<msg timestamp="20210112 01:08:20.250" level="INFO">Setting text '' into text field 'name=test-Password'</msg>
<msg timestamp="20210112 01:08:20.250" level="DEBUG">POST http://127.0.0.1:4723/wd/hub/session/12084fe9-0f22-4af4-a5c8-090c39aa43cc/elements {"using": "name", "value": "test-Password"}</msg>
<msg timestamp="20210112 01:08:20.419" level="DEBUG">http://127.0.0.1:4723 "POST /wd/hub/session/12084fe9-0f22-4af4-a5c8-090c39aa43cc/elements HTTP/1.1" 200 139</msg>
<msg timestamp="20210112 01:08:20.419" level="DEBUG">Finished Request</msg>
<msg timestamp="20210112 01:08:20.419" level="DEBUG">POST http://127.0.0.1:4723/wd/hub/session/12084fe9-0f22-4af4-a5c8-090c39aa43cc/appium/element/40000000-0000-0000-5473-000000000000/value {"id": "40000000-0000-0000-5473-000000000000", "value": [""]}</msg>
<msg timestamp="20210112 01:08:21.331" level="DEBUG">http://127.0.0.1:4723 "POST /wd/hub/session/12084fe9-0f22-4af4-a5c8-090c39aa43cc/appium/element/40000000-0000-0000-5473-000000000000/value HTTP/1.1" 200 14</msg>
<msg timestamp="20210112 01:08:21.331" level="DEBUG">Finished Request</msg>
<msg timestamp="20210112 01:08:21.331" level="TRACE">Return: None</msg>
<status status="PASS" starttime="20210112 01:08:20.247" endtime="20210112 01:08:21.332"></status>
</kw>
<msg timestamp="20210112 01:08:21.332" level="TRACE">Return: None</msg>
<status status="PASS" starttime="20210112 01:08:20.247" endtime="20210112 01:08:21.332"></status>
</kw>
<kw name="click login button" library="LoginPageIos">
<msg timestamp="20210112 01:08:21.332" level="TRACE">Arguments: [  ]</msg>
<kw name="Click Element" library="AppiumLibrary">
<doc>Click element identified by `locator`.</doc>
<arguments>
<arg>${btn_login}</arg>
</arguments>
<msg timestamp="20210112 01:08:21.332" level="TRACE">Arguments: [ 'name=test-LOGIN' ]</msg>
<msg timestamp="20210112 01:08:21.334" level="INFO">Clicking element 'name=test-LOGIN'.</msg>
<msg timestamp="20210112 01:08:21.334" level="DEBUG">POST http://127.0.0.1:4723/wd/hub/session/12084fe9-0f22-4af4-a5c8-090c39aa43cc/elements {"using": "name", "value": "test-LOGIN"}</msg>
<msg timestamp="20210112 01:08:21.505" level="DEBUG">http://127.0.0.1:4723 "POST /wd/hub/session/12084fe9-0f22-4af4-a5c8-090c39aa43cc/elements HTTP/1.1" 200 139</msg>
<msg timestamp="20210112 01:08:21.505" level="DEBUG">Finished Request</msg>
<msg timestamp="20210112 01:08:21.505" level="DEBUG">POST http://127.0.0.1:4723/wd/hub/session/12084fe9-0f22-4af4-a5c8-090c39aa43cc/element/3B000000-0000-0000-5473-000000000000/click {"id": "3B000000-0000-0000-5473-000000000000"}</msg>
<msg timestamp="20210112 01:08:22.108" level="DEBUG">http://127.0.0.1:4723 "POST /wd/hub/session/12084fe9-0f22-4af4-a5c8-090c39aa43cc/element/3B000000-0000-0000-5473-000000000000/click HTTP/1.1" 200 65</msg>
<msg timestamp="20210112 01:08:22.108" level="DEBUG">Finished Request</msg>
<msg timestamp="20210112 01:08:22.108" level="TRACE">Return: None</msg>
<status status="PASS" starttime="20210112 01:08:21.332" endtime="20210112 01:08:22.108"></status>
</kw>
<msg timestamp="20210112 01:08:22.109" level="TRACE">Return: None</msg>
<status status="PASS" starttime="20210112 01:08:21.332" endtime="20210112 01:08:22.109"></status>
</kw>
<kw name="verify error message" library="LoginPageIos">
<arguments>
<arg>${err_message}</arg>
</arguments>
<msg timestamp="20210112 01:08:22.109" level="TRACE">Arguments: [ ${err_message}='Password is required' ]</msg>
<kw name="Wait Until Element Is Visible" library="AppiumLibrary">
<doc>Waits until element specified with `locator` is visible.</doc>
<arguments>
<arg>${err_message}</arg>
<arg>${min_time_out}</arg>
</arguments>
<msg timestamp="20210112 01:08:22.110" level="TRACE">Arguments: [ 'Password is required' | '5s' ]</msg>
<msg timestamp="20210112 01:08:22.110" level="DEBUG">POST http://127.0.0.1:4723/wd/hub/session/12084fe9-0f22-4af4-a5c8-090c39aa43cc/elements {"using": "id", "value": "Password is required"}</msg>
<msg timestamp="20210112 01:08:22.496" level="DEBUG">http://127.0.0.1:4723 "POST /wd/hub/session/12084fe9-0f22-4af4-a5c8-090c39aa43cc/elements HTTP/1.1" 200 267</msg>
<msg timestamp="20210112 01:08:22.497" level="DEBUG">Finished Request</msg>
<msg timestamp="20210112 01:08:22.497" level="DEBUG">GET http://127.0.0.1:4723/wd/hub/session/12084fe9-0f22-4af4-a5c8-090c39aa43cc/element/32000000-0000-0000-5473-000000000000/displayed {"id": "32000000-0000-0000-5473-000000000000"}</msg>
<msg timestamp="20210112 01:08:22.786" level="DEBUG">http://127.0.0.1:4723 "GET /wd/hub/session/12084fe9-0f22-4af4-a5c8-090c39aa43cc/element/32000000-0000-0000-5473-000000000000/displayed HTTP/1.1" 200 65</msg>
<msg timestamp="20210112 01:08:22.787" level="DEBUG">Finished Request</msg>
<msg timestamp="20210112 01:08:22.787" level="TRACE">Return: None</msg>
<status status="PASS" starttime="20210112 01:08:22.109" endtime="20210112 01:08:22.787"></status>
</kw>
<msg timestamp="20210112 01:08:22.787" level="TRACE">Return: None</msg>
<status status="PASS" starttime="20210112 01:08:22.109" endtime="20210112 01:08:22.787"></status>
</kw>
<msg timestamp="20210112 01:08:22.787" level="TRACE">Return: None</msg>
<status status="PASS" starttime="20210112 01:08:18.047" endtime="20210112 01:08:22.787"></status>
</kw>
<status status="PASS" starttime="20210112 01:08:18.046" endtime="20210112 01:08:22.787" critical="yes"></status>
</test>
<test id="s1-s1-t2" name="TC Ios - Right user wrong pass">
<kw name="invalid login">
<arguments>
<arg>problem_user</arg>
<arg>problem_user</arg>
<arg>${txt_err_username_password_message}</arg>
</arguments>
<msg timestamp="20210112 01:08:22.789" level="TRACE">Arguments: [ ${username}='problem_user' | ${password}='problem_user' | ${err_message}='Username and password do not match any user in this service.' ]</msg>
<kw name="clear username and password text" library="LoginPageIos">
<msg timestamp="20210112 01:08:22.789" level="TRACE">Arguments: [  ]</msg>
<kw name="Clear Text" library="AppiumLibrary">
<doc>Clears the text field identified by `locator`.</doc>
<arguments>
<arg>${input_username}</arg>
</arguments>
<msg timestamp="20210112 01:08:22.790" level="TRACE">Arguments: [ 'name=test-Username' ]</msg>
<msg timestamp="20210112 01:08:22.792" level="INFO">Clear text field 'name=test-Username'</msg>
<msg timestamp="20210112 01:08:22.792" level="DEBUG">POST http://127.0.0.1:4723/wd/hub/session/12084fe9-0f22-4af4-a5c8-090c39aa43cc/elements {"using": "name", "value": "test-Username"}</msg>
<msg timestamp="20210112 01:08:23.015" level="DEBUG">http://127.0.0.1:4723 "POST /wd/hub/session/12084fe9-0f22-4af4-a5c8-090c39aa43cc/elements HTTP/1.1" 200 139</msg>
<msg timestamp="20210112 01:08:23.015" level="DEBUG">Finished Request</msg>
<msg timestamp="20210112 01:08:23.015" level="DEBUG">POST http://127.0.0.1:4723/wd/hub/session/12084fe9-0f22-4af4-a5c8-090c39aa43cc/element/3F000000-0000-0000-5473-000000000000/clear {"id": "3F000000-0000-0000-5473-000000000000"}</msg>
<msg timestamp="20210112 01:08:24.652" level="DEBUG">http://127.0.0.1:4723 "POST /wd/hub/session/12084fe9-0f22-4af4-a5c8-090c39aa43cc/element/3F000000-0000-0000-5473-000000000000/clear HTTP/1.1" 200 14</msg>
<msg timestamp="20210112 01:08:24.652" level="DEBUG">Finished Request</msg>
<msg timestamp="20210112 01:08:24.653" level="TRACE">Return: None</msg>
<status status="PASS" starttime="20210112 01:08:22.790" endtime="20210112 01:08:24.653"></status>
</kw>
<kw name="Clear Text" library="AppiumLibrary">
<doc>Clears the text field identified by `locator`.</doc>
<arguments>
<arg>${input_password}</arg>
</arguments>
<msg timestamp="20210112 01:08:24.653" level="TRACE">Arguments: [ 'name=test-Password' ]</msg>
<msg timestamp="20210112 01:08:24.656" level="INFO">Clear text field 'name=test-Password'</msg>
<msg timestamp="20210112 01:08:24.656" level="DEBUG">POST http://127.0.0.1:4723/wd/hub/session/12084fe9-0f22-4af4-a5c8-090c39aa43cc/elements {"using": "name", "value": "test-Password"}</msg>
<msg timestamp="20210112 01:08:24.857" level="DEBUG">http://127.0.0.1:4723 "POST /wd/hub/session/12084fe9-0f22-4af4-a5c8-090c39aa43cc/elements HTTP/1.1" 200 139</msg>
<msg timestamp="20210112 01:08:24.857" level="DEBUG">Finished Request</msg>
<msg timestamp="20210112 01:08:24.857" level="DEBUG">POST http://127.0.0.1:4723/wd/hub/session/12084fe9-0f22-4af4-a5c8-090c39aa43cc/element/40000000-0000-0000-5473-000000000000/clear {"id": "40000000-0000-0000-5473-000000000000"}</msg>
<msg timestamp="20210112 01:08:25.005" level="DEBUG">http://127.0.0.1:4723 "POST /wd/hub/session/12084fe9-0f22-4af4-a5c8-090c39aa43cc/element/40000000-0000-0000-5473-000000000000/clear HTTP/1.1" 200 14</msg>
<msg timestamp="20210112 01:08:25.006" level="DEBUG">Finished Request</msg>
<msg timestamp="20210112 01:08:25.006" level="TRACE">Return: None</msg>
<status status="PASS" starttime="20210112 01:08:24.653" endtime="20210112 01:08:25.006"></status>
</kw>
<msg timestamp="20210112 01:08:25.006" level="TRACE">Return: None</msg>
<status status="PASS" starttime="20210112 01:08:22.789" endtime="20210112 01:08:25.006"></status>
</kw>
<kw name="input username" library="LoginPageIos">
<arguments>
<arg>${username}</arg>
</arguments>
<msg timestamp="20210112 01:08:25.006" level="TRACE">Arguments: [ ${username}='problem_user' ]</msg>
<kw name="Input Text" library="AppiumLibrary">
<doc>Types the given `text` into text field identified by `locator`.</doc>
<arguments>
<arg>${input_username}</arg>
<arg>${username}</arg>
</arguments>
<msg timestamp="20210112 01:08:25.007" level="TRACE">Arguments: [ 'name=test-Username' | 'problem_user' ]</msg>
<msg timestamp="20210112 01:08:25.009" level="INFO">Typing text 'problem_user' into text field 'name=test-Username'</msg>
<msg timestamp="20210112 01:08:25.009" level="DEBUG">POST http://127.0.0.1:4723/wd/hub/session/12084fe9-0f22-4af4-a5c8-090c39aa43cc/elements {"using": "name", "value": "test-Username"}</msg>
<msg timestamp="20210112 01:08:25.192" level="DEBUG">http://127.0.0.1:4723 "POST /wd/hub/session/12084fe9-0f22-4af4-a5c8-090c39aa43cc/elements HTTP/1.1" 200 139</msg>
<msg timestamp="20210112 01:08:25.192" level="DEBUG">Finished Request</msg>
<msg timestamp="20210112 01:08:25.192" level="DEBUG">POST http://127.0.0.1:4723/wd/hub/session/12084fe9-0f22-4af4-a5c8-090c39aa43cc/element/3F000000-0000-0000-5473-000000000000/value {"text": "problem_user", "value": ["p", "r", "o", "b", "l", "e", "m", "_", "u", "s", "e", "r"], "id": "3F000000-0000-0000-5473-000000000000"}</msg>
<msg timestamp="20210112 01:08:25.789" level="DEBUG">http://127.0.0.1:4723 "POST /wd/hub/session/12084fe9-0f22-4af4-a5c8-090c39aa43cc/element/3F000000-0000-0000-5473-000000000000/value HTTP/1.1" 200 14</msg>
<msg timestamp="20210112 01:08:25.790" level="DEBUG">Finished Request</msg>
<msg timestamp="20210112 01:08:25.790" level="TRACE">Return: None</msg>
<status status="PASS" starttime="20210112 01:08:25.007" endtime="20210112 01:08:25.790"></status>
</kw>
<msg timestamp="20210112 01:08:25.790" level="TRACE">Return: None</msg>
<status status="PASS" starttime="20210112 01:08:25.006" endtime="20210112 01:08:25.790"></status>
</kw>
<kw name="input password" library="LoginPageIos">
<arguments>
<arg>${password}</arg>
</arguments>
<msg timestamp="20210112 01:08:25.791" level="TRACE">Arguments: [ ${password}='problem_user' ]</msg>
<kw name="Input Value" library="AppiumLibrary">
<doc>Sets the given value into text field identified by `locator`. This is an IOS only keyword, input value makes use of set_value</doc>
<arguments>
<arg>${input_password}</arg>
<arg>${password}</arg>
</arguments>
<msg timestamp="20210112 01:08:25.792" level="TRACE">Arguments: [ 'name=test-Password' | 'problem_user' ]</msg>
<msg timestamp="20210112 01:08:25.793" level="INFO">Setting text 'problem_user' into text field 'name=test-Password'</msg>
<msg timestamp="20210112 01:08:25.793" level="DEBUG">POST http://127.0.0.1:4723/wd/hub/session/12084fe9-0f22-4af4-a5c8-090c39aa43cc/elements {"using": "name", "value": "test-Password"}</msg>
<msg timestamp="20210112 01:08:25.975" level="DEBUG">http://127.0.0.1:4723 "POST /wd/hub/session/12084fe9-0f22-4af4-a5c8-090c39aa43cc/elements HTTP/1.1" 200 139</msg>
<msg timestamp="20210112 01:08:25.976" level="DEBUG">Finished Request</msg>
<msg timestamp="20210112 01:08:25.976" level="DEBUG">POST http://127.0.0.1:4723/wd/hub/session/12084fe9-0f22-4af4-a5c8-090c39aa43cc/appium/element/40000000-0000-0000-5473-000000000000/value {"id": "40000000-0000-0000-5473-000000000000", "value": ["problem_user"]}</msg>
<msg timestamp="20210112 01:08:27.264" level="DEBUG">http://127.0.0.1:4723 "POST /wd/hub/session/12084fe9-0f22-4af4-a5c8-090c39aa43cc/appium/element/40000000-0000-0000-5473-000000000000/value HTTP/1.1" 200 14</msg>
<msg timestamp="20210112 01:08:27.264" level="DEBUG">Finished Request</msg>
<msg timestamp="20210112 01:08:27.265" level="TRACE">Return: None</msg>
<status status="PASS" starttime="20210112 01:08:25.791" endtime="20210112 01:08:27.265"></status>
</kw>
<msg timestamp="20210112 01:08:27.265" level="TRACE">Return: None</msg>
<status status="PASS" starttime="20210112 01:08:25.791" endtime="20210112 01:08:27.265"></status>
</kw>
<kw name="click login button" library="LoginPageIos">
<msg timestamp="20210112 01:08:27.265" level="TRACE">Arguments: [  ]</msg>
<kw name="Click Element" library="AppiumLibrary">
<doc>Click element identified by `locator`.</doc>
<arguments>
<arg>${btn_login}</arg>
</arguments>
<msg timestamp="20210112 01:08:27.266" level="TRACE">Arguments: [ 'name=test-LOGIN' ]</msg>
<msg timestamp="20210112 01:08:27.268" level="INFO">Clicking element 'name=test-LOGIN'.</msg>
<msg timestamp="20210112 01:08:27.268" level="DEBUG">POST http://127.0.0.1:4723/wd/hub/session/12084fe9-0f22-4af4-a5c8-090c39aa43cc/elements {"using": "name", "value": "test-LOGIN"}</msg>
<msg timestamp="20210112 01:08:27.493" level="DEBUG">http://127.0.0.1:4723 "POST /wd/hub/session/12084fe9-0f22-4af4-a5c8-090c39aa43cc/elements HTTP/1.1" 200 139</msg>
<msg timestamp="20210112 01:08:27.493" level="DEBUG">Finished Request</msg>
<msg timestamp="20210112 01:08:27.493" level="DEBUG">POST http://127.0.0.1:4723/wd/hub/session/12084fe9-0f22-4af4-a5c8-090c39aa43cc/element/3B000000-0000-0000-5473-000000000000/click {"id": "3B000000-0000-0000-5473-000000000000"}</msg>
<msg timestamp="20210112 01:08:27.982" level="DEBUG">http://127.0.0.1:4723 "POST /wd/hub/session/12084fe9-0f22-4af4-a5c8-090c39aa43cc/element/3B000000-0000-0000-5473-000000000000/click HTTP/1.1" 200 65</msg>
<msg timestamp="20210112 01:08:27.982" level="DEBUG">Finished Request</msg>
<msg timestamp="20210112 01:08:27.982" level="TRACE">Return: None</msg>
<status status="PASS" starttime="20210112 01:08:27.266" endtime="20210112 01:08:27.982"></status>
</kw>
<msg timestamp="20210112 01:08:27.982" level="TRACE">Return: None</msg>
<status status="PASS" starttime="20210112 01:08:27.265" endtime="20210112 01:08:27.982"></status>
</kw>
<kw name="verify error message" library="LoginPageIos">
<arguments>
<arg>${err_message}</arg>
</arguments>
<msg timestamp="20210112 01:08:27.983" level="TRACE">Arguments: [ ${err_message}='Username and password do not match any user in this service.' ]</msg>
<kw name="Wait Until Element Is Visible" library="AppiumLibrary">
<doc>Waits until element specified with `locator` is visible.</doc>
<arguments>
<arg>${err_message}</arg>
<arg>${min_time_out}</arg>
</arguments>
<msg timestamp="20210112 01:08:27.983" level="TRACE">Arguments: [ 'Username and password do not match any user in this service.' | '5s' ]</msg>
<msg timestamp="20210112 01:08:27.984" level="DEBUG">POST http://127.0.0.1:4723/wd/hub/session/12084fe9-0f22-4af4-a5c8-090c39aa43cc/elements {"using": "id", "value": "Username and password do not match any user in this service."}</msg>
<msg timestamp="20210112 01:08:28.270" level="DEBUG">http://127.0.0.1:4723 "POST /wd/hub/session/12084fe9-0f22-4af4-a5c8-090c39aa43cc/elements HTTP/1.1" 200 267</msg>
<msg timestamp="20210112 01:08:28.271" level="DEBUG">Finished Request</msg>
<msg timestamp="20210112 01:08:28.271" level="DEBUG">GET http://127.0.0.1:4723/wd/hub/session/12084fe9-0f22-4af4-a5c8-090c39aa43cc/element/32000000-0000-0000-5473-000000000000/displayed {"id": "32000000-0000-0000-5473-000000000000"}</msg>
<msg timestamp="20210112 01:08:28.484" level="DEBUG">http://127.0.0.1:4723 "GET /wd/hub/session/12084fe9-0f22-4af4-a5c8-090c39aa43cc/element/32000000-0000-0000-5473-000000000000/displayed HTTP/1.1" 200 65</msg>
<msg timestamp="20210112 01:08:28.485" level="DEBUG">Finished Request</msg>
<msg timestamp="20210112 01:08:28.485" level="TRACE">Return: None</msg>
<status status="PASS" starttime="20210112 01:08:27.983" endtime="20210112 01:08:28.485"></status>
</kw>
<msg timestamp="20210112 01:08:28.485" level="TRACE">Return: None</msg>
<status status="PASS" starttime="20210112 01:08:27.983" endtime="20210112 01:08:28.485"></status>
</kw>
<msg timestamp="20210112 01:08:28.485" level="TRACE">Return: None</msg>
<status status="PASS" starttime="20210112 01:08:22.788" endtime="20210112 01:08:28.485"></status>
</kw>
<status status="PASS" starttime="20210112 01:08:22.788" endtime="20210112 01:08:28.485" critical="yes"></status>
</test>
<test id="s1-s1-t3" name="TC Ios - Wrong user right pass">
<kw name="invalid login">
<arguments>
<arg>problem_uses</arg>
<arg>secret_sauce</arg>
<arg>${txt_err_username_password_message}</arg>
</arguments>
<msg timestamp="20210112 01:08:28.486" level="TRACE">Arguments: [ ${username}='problem_uses' | ${password}='secret_sauce' | ${err_message}='Username and password do not match any user in this service.' ]</msg>
<kw name="clear username and password text" library="LoginPageIos">
<msg timestamp="20210112 01:08:28.486" level="TRACE">Arguments: [  ]</msg>
<kw name="Clear Text" library="AppiumLibrary">
<doc>Clears the text field identified by `locator`.</doc>
<arguments>
<arg>${input_username}</arg>
</arguments>
<msg timestamp="20210112 01:08:28.487" level="TRACE">Arguments: [ 'name=test-Username' ]</msg>
<msg timestamp="20210112 01:08:28.488" level="INFO">Clear text field 'name=test-Username'</msg>
<msg timestamp="20210112 01:08:28.488" level="DEBUG">POST http://127.0.0.1:4723/wd/hub/session/12084fe9-0f22-4af4-a5c8-090c39aa43cc/elements {"using": "name", "value": "test-Username"}</msg>
<msg timestamp="20210112 01:08:28.709" level="DEBUG">http://127.0.0.1:4723 "POST /wd/hub/session/12084fe9-0f22-4af4-a5c8-090c39aa43cc/elements HTTP/1.1" 200 139</msg>
<msg timestamp="20210112 01:08:28.709" level="DEBUG">Finished Request</msg>
<msg timestamp="20210112 01:08:28.709" level="DEBUG">POST http://127.0.0.1:4723/wd/hub/session/12084fe9-0f22-4af4-a5c8-090c39aa43cc/element/3F000000-0000-0000-5473-000000000000/clear {"id": "3F000000-0000-0000-5473-000000000000"}</msg>
<msg timestamp="20210112 01:08:30.122" level="DEBUG">http://127.0.0.1:4723 "POST /wd/hub/session/12084fe9-0f22-4af4-a5c8-090c39aa43cc/element/3F000000-0000-0000-5473-000000000000/clear HTTP/1.1" 200 14</msg>
<msg timestamp="20210112 01:08:30.123" level="DEBUG">Finished Request</msg>
<msg timestamp="20210112 01:08:30.123" level="TRACE">Return: None</msg>
<status status="PASS" starttime="20210112 01:08:28.487" endtime="20210112 01:08:30.123"></status>
</kw>
<kw name="Clear Text" library="AppiumLibrary">
<doc>Clears the text field identified by `locator`.</doc>
<arguments>
<arg>${input_password}</arg>
</arguments>
<msg timestamp="20210112 01:08:30.123" level="TRACE">Arguments: [ 'name=test-Password' ]</msg>
<msg timestamp="20210112 01:08:30.124" level="INFO">Clear text field 'name=test-Password'</msg>
<msg timestamp="20210112 01:08:30.125" level="DEBUG">POST http://127.0.0.1:4723/wd/hub/session/12084fe9-0f22-4af4-a5c8-090c39aa43cc/elements {"using": "name", "value": "test-Password"}</msg>
<msg timestamp="20210112 01:08:30.319" level="DEBUG">http://127.0.0.1:4723 "POST /wd/hub/session/12084fe9-0f22-4af4-a5c8-090c39aa43cc/elements HTTP/1.1" 200 139</msg>
<msg timestamp="20210112 01:08:30.319" level="DEBUG">Finished Request</msg>
<msg timestamp="20210112 01:08:30.319" level="DEBUG">POST http://127.0.0.1:4723/wd/hub/session/12084fe9-0f22-4af4-a5c8-090c39aa43cc/element/40000000-0000-0000-5473-000000000000/clear {"id": "40000000-0000-0000-5473-000000000000"}</msg>
<msg timestamp="20210112 01:08:31.779" level="DEBUG">http://127.0.0.1:4723 "POST /wd/hub/session/12084fe9-0f22-4af4-a5c8-090c39aa43cc/element/40000000-0000-0000-5473-000000000000/clear HTTP/1.1" 200 14</msg>
<msg timestamp="20210112 01:08:31.779" level="DEBUG">Finished Request</msg>
<msg timestamp="20210112 01:08:31.779" level="TRACE">Return: None</msg>
<status status="PASS" starttime="20210112 01:08:30.123" endtime="20210112 01:08:31.780"></status>
</kw>
<msg timestamp="20210112 01:08:31.780" level="TRACE">Return: None</msg>
<status status="PASS" starttime="20210112 01:08:28.486" endtime="20210112 01:08:31.780"></status>
</kw>
<kw name="input username" library="LoginPageIos">
<arguments>
<arg>${username}</arg>
</arguments>
<msg timestamp="20210112 01:08:31.780" level="TRACE">Arguments: [ ${username}='problem_uses' ]</msg>
<kw name="Input Text" library="AppiumLibrary">
<doc>Types the given `text` into text field identified by `locator`.</doc>
<arguments>
<arg>${input_username}</arg>
<arg>${username}</arg>
</arguments>
<msg timestamp="20210112 01:08:31.781" level="TRACE">Arguments: [ 'name=test-Username' | 'problem_uses' ]</msg>
<msg timestamp="20210112 01:08:31.782" level="INFO">Typing text 'problem_uses' into text field 'name=test-Username'</msg>
<msg timestamp="20210112 01:08:31.782" level="DEBUG">POST http://127.0.0.1:4723/wd/hub/session/12084fe9-0f22-4af4-a5c8-090c39aa43cc/elements {"using": "name", "value": "test-Username"}</msg>
<msg timestamp="20210112 01:08:31.942" level="DEBUG">http://127.0.0.1:4723 "POST /wd/hub/session/12084fe9-0f22-4af4-a5c8-090c39aa43cc/elements HTTP/1.1" 200 139</msg>
<msg timestamp="20210112 01:08:31.943" level="DEBUG">Finished Request</msg>
<msg timestamp="20210112 01:08:31.943" level="DEBUG">POST http://127.0.0.1:4723/wd/hub/session/12084fe9-0f22-4af4-a5c8-090c39aa43cc/element/3F000000-0000-0000-5473-000000000000/value {"text": "problem_uses", "value": ["p", "r", "o", "b", "l", "e", "m", "_", "u", "s", "e", "s"], "id": "3F000000-0000-0000-5473-000000000000"}</msg>
<msg timestamp="20210112 01:08:33.045" level="DEBUG">http://127.0.0.1:4723 "POST /wd/hub/session/12084fe9-0f22-4af4-a5c8-090c39aa43cc/element/3F000000-0000-0000-5473-000000000000/value HTTP/1.1" 200 14</msg>
<msg timestamp="20210112 01:08:33.045" level="DEBUG">Finished Request</msg>
<msg timestamp="20210112 01:08:33.045" level="TRACE">Return: None</msg>
<status status="PASS" starttime="20210112 01:08:31.780" endtime="20210112 01:08:33.045"></status>
</kw>
<msg timestamp="20210112 01:08:33.045" level="TRACE">Return: None</msg>
<status status="PASS" starttime="20210112 01:08:31.780" endtime="20210112 01:08:33.045"></status>
</kw>
<kw name="input password" library="LoginPageIos">
<arguments>
<arg>${password}</arg>
</arguments>
<msg timestamp="20210112 01:08:33.046" level="TRACE">Arguments: [ ${password}='secret_sauce' ]</msg>
<kw name="Input Value" library="AppiumLibrary">
<doc>Sets the given value into text field identified by `locator`. This is an IOS only keyword, input value makes use of set_value</doc>
<arguments>
<arg>${input_password}</arg>
<arg>${password}</arg>
</arguments>
<msg timestamp="20210112 01:08:33.046" level="TRACE">Arguments: [ 'name=test-Password' | 'secret_sauce' ]</msg>
<msg timestamp="20210112 01:08:33.048" level="INFO">Setting text 'secret_sauce' into text field 'name=test-Password'</msg>
<msg timestamp="20210112 01:08:33.048" level="DEBUG">POST http://127.0.0.1:4723/wd/hub/session/12084fe9-0f22-4af4-a5c8-090c39aa43cc/elements {"using": "name", "value": "test-Password"}</msg>
<msg timestamp="20210112 01:08:33.220" level="DEBUG">http://127.0.0.1:4723 "POST /wd/hub/session/12084fe9-0f22-4af4-a5c8-090c39aa43cc/elements HTTP/1.1" 200 139</msg>
<msg timestamp="20210112 01:08:33.220" level="DEBUG">Finished Request</msg>
<msg timestamp="20210112 01:08:33.220" level="DEBUG">POST http://127.0.0.1:4723/wd/hub/session/12084fe9-0f22-4af4-a5c8-090c39aa43cc/appium/element/40000000-0000-0000-5473-000000000000/value {"id": "40000000-0000-0000-5473-000000000000", "value": ["secret_sauce"]}</msg>
<msg timestamp="20210112 01:08:34.418" level="DEBUG">http://127.0.0.1:4723 "POST /wd/hub/session/12084fe9-0f22-4af4-a5c8-090c39aa43cc/appium/element/40000000-0000-0000-5473-000000000000/value HTTP/1.1" 200 14</msg>
<msg timestamp="20210112 01:08:34.419" level="DEBUG">Finished Request</msg>
<msg timestamp="20210112 01:08:34.419" level="TRACE">Return: None</msg>
<status status="PASS" starttime="20210112 01:08:33.046" endtime="20210112 01:08:34.419"></status>
</kw>
<msg timestamp="20210112 01:08:34.419" level="TRACE">Return: None</msg>
<status status="PASS" starttime="20210112 01:08:33.045" endtime="20210112 01:08:34.419"></status>
</kw>
<kw name="click login button" library="LoginPageIos">
<msg timestamp="20210112 01:08:34.420" level="TRACE">Arguments: [  ]</msg>
<kw name="Click Element" library="AppiumLibrary">
<doc>Click element identified by `locator`.</doc>
<arguments>
<arg>${btn_login}</arg>
</arguments>
<msg timestamp="20210112 01:08:34.420" level="TRACE">Arguments: [ 'name=test-LOGIN' ]</msg>
<msg timestamp="20210112 01:08:34.423" level="INFO">Clicking element 'name=test-LOGIN'.</msg>
<msg timestamp="20210112 01:08:34.423" level="DEBUG">POST http://127.0.0.1:4723/wd/hub/session/12084fe9-0f22-4af4-a5c8-090c39aa43cc/elements {"using": "name", "value": "test-LOGIN"}</msg>
<msg timestamp="20210112 01:08:34.655" level="DEBUG">http://127.0.0.1:4723 "POST /wd/hub/session/12084fe9-0f22-4af4-a5c8-090c39aa43cc/elements HTTP/1.1" 200 139</msg>
<msg timestamp="20210112 01:08:34.656" level="DEBUG">Finished Request</msg>
<msg timestamp="20210112 01:08:34.656" level="DEBUG">POST http://127.0.0.1:4723/wd/hub/session/12084fe9-0f22-4af4-a5c8-090c39aa43cc/element/3B000000-0000-0000-5473-000000000000/click {"id": "3B000000-0000-0000-5473-000000000000"}</msg>
<msg timestamp="20210112 01:08:35.169" level="DEBUG">http://127.0.0.1:4723 "POST /wd/hub/session/12084fe9-0f22-4af4-a5c8-090c39aa43cc/element/3B000000-0000-0000-5473-000000000000/click HTTP/1.1" 200 65</msg>
<msg timestamp="20210112 01:08:35.170" level="DEBUG">Finished Request</msg>
<msg timestamp="20210112 01:08:35.170" level="TRACE">Return: None</msg>
<status status="PASS" starttime="20210112 01:08:34.420" endtime="20210112 01:08:35.170"></status>
</kw>
<msg timestamp="20210112 01:08:35.170" level="TRACE">Return: None</msg>
<status status="PASS" starttime="20210112 01:08:34.419" endtime="20210112 01:08:35.170"></status>
</kw>
<kw name="verify error message" library="LoginPageIos">
<arguments>
<arg>${err_message}</arg>
</arguments>
<msg timestamp="20210112 01:08:35.170" level="TRACE">Arguments: [ ${err_message}='Username and password do not match any user in this service.' ]</msg>
<kw name="Wait Until Element Is Visible" library="AppiumLibrary">
<doc>Waits until element specified with `locator` is visible.</doc>
<arguments>
<arg>${err_message}</arg>
<arg>${min_time_out}</arg>
</arguments>
<msg timestamp="20210112 01:08:35.171" level="TRACE">Arguments: [ 'Username and password do not match any user in this service.' | '5s' ]</msg>
<msg timestamp="20210112 01:08:35.171" level="DEBUG">POST http://127.0.0.1:4723/wd/hub/session/12084fe9-0f22-4af4-a5c8-090c39aa43cc/elements {"using": "id", "value": "Username and password do not match any user in this service."}</msg>
<msg timestamp="20210112 01:08:35.487" level="DEBUG">http://127.0.0.1:4723 "POST /wd/hub/session/12084fe9-0f22-4af4-a5c8-090c39aa43cc/elements HTTP/1.1" 200 267</msg>
<msg timestamp="20210112 01:08:35.487" level="DEBUG">Finished Request</msg>
<msg timestamp="20210112 01:08:35.488" level="DEBUG">GET http://127.0.0.1:4723/wd/hub/session/12084fe9-0f22-4af4-a5c8-090c39aa43cc/element/32000000-0000-0000-5473-000000000000/displayed {"id": "32000000-0000-0000-5473-000000000000"}</msg>
<msg timestamp="20210112 01:08:35.722" level="DEBUG">http://127.0.0.1:4723 "GET /wd/hub/session/12084fe9-0f22-4af4-a5c8-090c39aa43cc/element/32000000-0000-0000-5473-000000000000/displayed HTTP/1.1" 200 65</msg>
<msg timestamp="20210112 01:08:35.722" level="DEBUG">Finished Request</msg>
<msg timestamp="20210112 01:08:35.722" level="TRACE">Return: None</msg>
<status status="PASS" starttime="20210112 01:08:35.171" endtime="20210112 01:08:35.722"></status>
</kw>
<msg timestamp="20210112 01:08:35.722" level="TRACE">Return: None</msg>
<status status="PASS" starttime="20210112 01:08:35.170" endtime="20210112 01:08:35.722"></status>
</kw>
<msg timestamp="20210112 01:08:35.723" level="TRACE">Return: None</msg>
<status status="PASS" starttime="20210112 01:08:28.486" endtime="20210112 01:08:35.723"></status>
</kw>
<status status="PASS" starttime="20210112 01:08:28.485" endtime="20210112 01:08:35.723" critical="yes"></status>
</test>
<test id="s1-s1-t4" name="TC Ios - Wrong user empty pass">
<kw name="invalid login">
<arguments>
<arg>problem_uses</arg>
<arg>${empty}</arg>
<arg>${txt_err_password_message}</arg>
</arguments>
<msg timestamp="20210112 01:08:35.724" level="TRACE">Arguments: [ ${username}='problem_uses' | ${password}='' | ${err_message}='Password is required' ]</msg>
<kw name="clear username and password text" library="LoginPageIos">
<msg timestamp="20210112 01:08:35.724" level="TRACE">Arguments: [  ]</msg>
<kw name="Clear Text" library="AppiumLibrary">
<doc>Clears the text field identified by `locator`.</doc>
<arguments>
<arg>${input_username}</arg>
</arguments>
<msg timestamp="20210112 01:08:35.724" level="TRACE">Arguments: [ 'name=test-Username' ]</msg>
<msg timestamp="20210112 01:08:35.726" level="INFO">Clear text field 'name=test-Username'</msg>
<msg timestamp="20210112 01:08:35.726" level="DEBUG">POST http://127.0.0.1:4723/wd/hub/session/12084fe9-0f22-4af4-a5c8-090c39aa43cc/elements {"using": "name", "value": "test-Username"}</msg>
<msg timestamp="20210112 01:08:35.961" level="DEBUG">http://127.0.0.1:4723 "POST /wd/hub/session/12084fe9-0f22-4af4-a5c8-090c39aa43cc/elements HTTP/1.1" 200 139</msg>
<msg timestamp="20210112 01:08:35.961" level="DEBUG">Finished Request</msg>
<msg timestamp="20210112 01:08:35.961" level="DEBUG">POST http://127.0.0.1:4723/wd/hub/session/12084fe9-0f22-4af4-a5c8-090c39aa43cc/element/3F000000-0000-0000-5473-000000000000/clear {"id": "3F000000-0000-0000-5473-000000000000"}</msg>
<msg timestamp="20210112 01:08:37.484" level="DEBUG">http://127.0.0.1:4723 "POST /wd/hub/session/12084fe9-0f22-4af4-a5c8-090c39aa43cc/element/3F000000-0000-0000-5473-000000000000/clear HTTP/1.1" 200 14</msg>
<msg timestamp="20210112 01:08:37.484" level="DEBUG">Finished Request</msg>
<msg timestamp="20210112 01:08:37.484" level="TRACE">Return: None</msg>
<status status="PASS" starttime="20210112 01:08:35.724" endtime="20210112 01:08:37.484"></status>
</kw>
<kw name="Clear Text" library="AppiumLibrary">
<doc>Clears the text field identified by `locator`.</doc>
<arguments>
<arg>${input_password}</arg>
</arguments>
<msg timestamp="20210112 01:08:37.484" level="TRACE">Arguments: [ 'name=test-Password' ]</msg>
<msg timestamp="20210112 01:08:37.486" level="INFO">Clear text field 'name=test-Password'</msg>
<msg timestamp="20210112 01:08:37.486" level="DEBUG">POST http://127.0.0.1:4723/wd/hub/session/12084fe9-0f22-4af4-a5c8-090c39aa43cc/elements {"using": "name", "value": "test-Password"}</msg>
<msg timestamp="20210112 01:08:37.654" level="DEBUG">http://127.0.0.1:4723 "POST /wd/hub/session/12084fe9-0f22-4af4-a5c8-090c39aa43cc/elements HTTP/1.1" 200 139</msg>
<msg timestamp="20210112 01:08:37.654" level="DEBUG">Finished Request</msg>
<msg timestamp="20210112 01:08:37.654" level="DEBUG">POST http://127.0.0.1:4723/wd/hub/session/12084fe9-0f22-4af4-a5c8-090c39aa43cc/element/40000000-0000-0000-5473-000000000000/clear {"id": "40000000-0000-0000-5473-000000000000"}</msg>
<msg timestamp="20210112 01:08:39.140" level="DEBUG">http://127.0.0.1:4723 "POST /wd/hub/session/12084fe9-0f22-4af4-a5c8-090c39aa43cc/element/40000000-0000-0000-5473-000000000000/clear HTTP/1.1" 200 14</msg>
<msg timestamp="20210112 01:08:39.140" level="DEBUG">Finished Request</msg>
<msg timestamp="20210112 01:08:39.140" level="TRACE">Return: None</msg>
<status status="PASS" starttime="20210112 01:08:37.484" endtime="20210112 01:08:39.140"></status>
</kw>
<msg timestamp="20210112 01:08:39.140" level="TRACE">Return: None</msg>
<status status="PASS" starttime="20210112 01:08:35.724" endtime="20210112 01:08:39.140"></status>
</kw>
<kw name="input username" library="LoginPageIos">
<arguments>
<arg>${username}</arg>
</arguments>
<msg timestamp="20210112 01:08:39.141" level="TRACE">Arguments: [ ${username}='problem_uses' ]</msg>
<kw name="Input Text" library="AppiumLibrary">
<doc>Types the given `text` into text field identified by `locator`.</doc>
<arguments>
<arg>${input_username}</arg>
<arg>${username}</arg>
</arguments>
<msg timestamp="20210112 01:08:39.141" level="TRACE">Arguments: [ 'name=test-Username' | 'problem_uses' ]</msg>
<msg timestamp="20210112 01:08:39.143" level="INFO">Typing text 'problem_uses' into text field 'name=test-Username'</msg>
<msg timestamp="20210112 01:08:39.143" level="DEBUG">POST http://127.0.0.1:4723/wd/hub/session/12084fe9-0f22-4af4-a5c8-090c39aa43cc/elements {"using": "name", "value": "test-Username"}</msg>
<msg timestamp="20210112 01:08:39.323" level="DEBUG">http://127.0.0.1:4723 "POST /wd/hub/session/12084fe9-0f22-4af4-a5c8-090c39aa43cc/elements HTTP/1.1" 200 139</msg>
<msg timestamp="20210112 01:08:39.323" level="DEBUG">Finished Request</msg>
<msg timestamp="20210112 01:08:39.323" level="DEBUG">POST http://127.0.0.1:4723/wd/hub/session/12084fe9-0f22-4af4-a5c8-090c39aa43cc/element/3F000000-0000-0000-5473-000000000000/value {"text": "problem_uses", "value": ["p", "r", "o", "b", "l", "e", "m", "_", "u", "s", "e", "s"], "id": "3F000000-0000-0000-5473-000000000000"}</msg>
<msg timestamp="20210112 01:08:40.585" level="DEBUG">http://127.0.0.1:4723 "POST /wd/hub/session/12084fe9-0f22-4af4-a5c8-090c39aa43cc/element/3F000000-0000-0000-5473-000000000000/value HTTP/1.1" 200 14</msg>
<msg timestamp="20210112 01:08:40.585" level="DEBUG">Finished Request</msg>
<msg timestamp="20210112 01:08:40.585" level="TRACE">Return: None</msg>
<status status="PASS" starttime="20210112 01:08:39.141" endtime="20210112 01:08:40.585"></status>
</kw>
<msg timestamp="20210112 01:08:40.586" level="TRACE">Return: None</msg>
<status status="PASS" starttime="20210112 01:08:39.141" endtime="20210112 01:08:40.586"></status>
</kw>
<kw name="input password" library="LoginPageIos">
<arguments>
<arg>${password}</arg>
</arguments>
<msg timestamp="20210112 01:08:40.586" level="TRACE">Arguments: [ ${password}='' ]</msg>
<kw name="Input Value" library="AppiumLibrary">
<doc>Sets the given value into text field identified by `locator`. This is an IOS only keyword, input value makes use of set_value</doc>
<arguments>
<arg>${input_password}</arg>
<arg>${password}</arg>
</arguments>
<msg timestamp="20210112 01:08:40.586" level="TRACE">Arguments: [ 'name=test-Password' | '' ]</msg>
<msg timestamp="20210112 01:08:40.588" level="INFO">Setting text '' into text field 'name=test-Password'</msg>
<msg timestamp="20210112 01:08:40.588" level="DEBUG">POST http://127.0.0.1:4723/wd/hub/session/12084fe9-0f22-4af4-a5c8-090c39aa43cc/elements {"using": "name", "value": "test-Password"}</msg>
<msg timestamp="20210112 01:08:40.804" level="DEBUG">http://127.0.0.1:4723 "POST /wd/hub/session/12084fe9-0f22-4af4-a5c8-090c39aa43cc/elements HTTP/1.1" 200 139</msg>
<msg timestamp="20210112 01:08:40.804" level="DEBUG">Finished Request</msg>
<msg timestamp="20210112 01:08:40.804" level="DEBUG">POST http://127.0.0.1:4723/wd/hub/session/12084fe9-0f22-4af4-a5c8-090c39aa43cc/appium/element/40000000-0000-0000-5473-000000000000/value {"id": "40000000-0000-0000-5473-000000000000", "value": [""]}</msg>
<msg timestamp="20210112 01:08:41.815" level="DEBUG">http://127.0.0.1:4723 "POST /wd/hub/session/12084fe9-0f22-4af4-a5c8-090c39aa43cc/appium/element/40000000-0000-0000-5473-000000000000/value HTTP/1.1" 200 14</msg>
<msg timestamp="20210112 01:08:41.815" level="DEBUG">Finished Request</msg>
<msg timestamp="20210112 01:08:41.815" level="TRACE">Return: None</msg>
<status status="PASS" starttime="20210112 01:08:40.586" endtime="20210112 01:08:41.815"></status>
</kw>
<msg timestamp="20210112 01:08:41.815" level="TRACE">Return: None</msg>
<status status="PASS" starttime="20210112 01:08:40.586" endtime="20210112 01:08:41.815"></status>
</kw>
<kw name="click login button" library="LoginPageIos">
<msg timestamp="20210112 01:08:41.816" level="TRACE">Arguments: [  ]</msg>
<kw name="Click Element" library="AppiumLibrary">
<doc>Click element identified by `locator`.</doc>
<arguments>
<arg>${btn_login}</arg>
</arguments>
<msg timestamp="20210112 01:08:41.816" level="TRACE">Arguments: [ 'name=test-LOGIN' ]</msg>
<msg timestamp="20210112 01:08:41.819" level="INFO">Clicking element 'name=test-LOGIN'.</msg>
<msg timestamp="20210112 01:08:41.819" level="DEBUG">POST http://127.0.0.1:4723/wd/hub/session/12084fe9-0f22-4af4-a5c8-090c39aa43cc/elements {"using": "name", "value": "test-LOGIN"}</msg>
<msg timestamp="20210112 01:08:41.993" level="DEBUG">http://127.0.0.1:4723 "POST /wd/hub/session/12084fe9-0f22-4af4-a5c8-090c39aa43cc/elements HTTP/1.1" 200 139</msg>
<msg timestamp="20210112 01:08:41.993" level="DEBUG">Finished Request</msg>
<msg timestamp="20210112 01:08:41.993" level="DEBUG">POST http://127.0.0.1:4723/wd/hub/session/12084fe9-0f22-4af4-a5c8-090c39aa43cc/element/3B000000-0000-0000-5473-000000000000/click {"id": "3B000000-0000-0000-5473-000000000000"}</msg>
<msg timestamp="20210112 01:08:42.495" level="DEBUG">http://127.0.0.1:4723 "POST /wd/hub/session/12084fe9-0f22-4af4-a5c8-090c39aa43cc/element/3B000000-0000-0000-5473-000000000000/click HTTP/1.1" 200 65</msg>
<msg timestamp="20210112 01:08:42.495" level="DEBUG">Finished Request</msg>
<msg timestamp="20210112 01:08:42.495" level="TRACE">Return: None</msg>
<status status="PASS" starttime="20210112 01:08:41.816" endtime="20210112 01:08:42.495"></status>
</kw>
<msg timestamp="20210112 01:08:42.495" level="TRACE">Return: None</msg>
<status status="PASS" starttime="20210112 01:08:41.816" endtime="20210112 01:08:42.495"></status>
</kw>
<kw name="verify error message" library="LoginPageIos">
<arguments>
<arg>${err_message}</arg>
</arguments>
<msg timestamp="20210112 01:08:42.496" level="TRACE">Arguments: [ ${err_message}='Password is required' ]</msg>
<kw name="Wait Until Element Is Visible" library="AppiumLibrary">
<doc>Waits until element specified with `locator` is visible.</doc>
<arguments>
<arg>${err_message}</arg>
<arg>${min_time_out}</arg>
</arguments>
<msg timestamp="20210112 01:08:42.496" level="TRACE">Arguments: [ 'Password is required' | '5s' ]</msg>
<msg timestamp="20210112 01:08:42.496" level="DEBUG">POST http://127.0.0.1:4723/wd/hub/session/12084fe9-0f22-4af4-a5c8-090c39aa43cc/elements {"using": "id", "value": "Password is required"}</msg>
<msg timestamp="20210112 01:08:42.741" level="DEBUG">http://127.0.0.1:4723 "POST /wd/hub/session/12084fe9-0f22-4af4-a5c8-090c39aa43cc/elements HTTP/1.1" 200 267</msg>
<msg timestamp="20210112 01:08:42.741" level="DEBUG">Finished Request</msg>
<msg timestamp="20210112 01:08:42.741" level="DEBUG">GET http://127.0.0.1:4723/wd/hub/session/12084fe9-0f22-4af4-a5c8-090c39aa43cc/element/32000000-0000-0000-5473-000000000000/displayed {"id": "32000000-0000-0000-5473-000000000000"}</msg>
<msg timestamp="20210112 01:08:42.987" level="DEBUG">http://127.0.0.1:4723 "GET /wd/hub/session/12084fe9-0f22-4af4-a5c8-090c39aa43cc/element/32000000-0000-0000-5473-000000000000/displayed HTTP/1.1" 200 65</msg>
<msg timestamp="20210112 01:08:42.988" level="DEBUG">Finished Request</msg>
<msg timestamp="20210112 01:08:42.988" level="TRACE">Return: None</msg>
<status status="PASS" starttime="20210112 01:08:42.496" endtime="20210112 01:08:42.988"></status>
</kw>
<msg timestamp="20210112 01:08:42.988" level="TRACE">Return: None</msg>
<status status="PASS" starttime="20210112 01:08:42.496" endtime="20210112 01:08:42.988"></status>
</kw>
<msg timestamp="20210112 01:08:42.988" level="TRACE">Return: None</msg>
<status status="PASS" starttime="20210112 01:08:35.723" endtime="20210112 01:08:42.988"></status>
</kw>
<status status="PASS" starttime="20210112 01:08:35.723" endtime="20210112 01:08:42.988" critical="yes"></status>
</test>
<test id="s1-s1-t5" name="TC Ios - Wrong user wrong pass">
<kw name="invalid login">
<arguments>
<arg>problem_uses</arg>
<arg>problem_user</arg>
<arg>${txt_err_username_password_message}</arg>
</arguments>
<msg timestamp="20210112 01:08:42.990" level="TRACE">Arguments: [ ${username}='problem_uses' | ${password}='problem_user' | ${err_message}='Username and password do not match any user in this service.' ]</msg>
<kw name="clear username and password text" library="LoginPageIos">
<msg timestamp="20210112 01:08:42.990" level="TRACE">Arguments: [  ]</msg>
<kw name="Clear Text" library="AppiumLibrary">
<doc>Clears the text field identified by `locator`.</doc>
<arguments>
<arg>${input_username}</arg>
</arguments>
<msg timestamp="20210112 01:08:42.991" level="TRACE">Arguments: [ 'name=test-Username' ]</msg>
<msg timestamp="20210112 01:08:42.992" level="INFO">Clear text field 'name=test-Username'</msg>
<msg timestamp="20210112 01:08:42.993" level="DEBUG">POST http://127.0.0.1:4723/wd/hub/session/12084fe9-0f22-4af4-a5c8-090c39aa43cc/elements {"using": "name", "value": "test-Username"}</msg>
<msg timestamp="20210112 01:08:43.227" level="DEBUG">http://127.0.0.1:4723 "POST /wd/hub/session/12084fe9-0f22-4af4-a5c8-090c39aa43cc/elements HTTP/1.1" 200 139</msg>
<msg timestamp="20210112 01:08:43.227" level="DEBUG">Finished Request</msg>
<msg timestamp="20210112 01:08:43.228" level="DEBUG">POST http://127.0.0.1:4723/wd/hub/session/12084fe9-0f22-4af4-a5c8-090c39aa43cc/element/3F000000-0000-0000-5473-000000000000/clear {"id": "3F000000-0000-0000-5473-000000000000"}</msg>
<msg timestamp="20210112 01:08:44.825" level="DEBUG">http://127.0.0.1:4723 "POST /wd/hub/session/12084fe9-0f22-4af4-a5c8-090c39aa43cc/element/3F000000-0000-0000-5473-000000000000/clear HTTP/1.1" 200 14</msg>
<msg timestamp="20210112 01:08:44.825" level="DEBUG">Finished Request</msg>
<msg timestamp="20210112 01:08:44.825" level="TRACE">Return: None</msg>
<status status="PASS" starttime="20210112 01:08:42.991" endtime="20210112 01:08:44.825"></status>
</kw>
<kw name="Clear Text" library="AppiumLibrary">
<doc>Clears the text field identified by `locator`.</doc>
<arguments>
<arg>${input_password}</arg>
</arguments>
<msg timestamp="20210112 01:08:44.826" level="TRACE">Arguments: [ 'name=test-Password' ]</msg>
<msg timestamp="20210112 01:08:44.829" level="INFO">Clear text field 'name=test-Password'</msg>
<msg timestamp="20210112 01:08:44.829" level="DEBUG">POST http://127.0.0.1:4723/wd/hub/session/12084fe9-0f22-4af4-a5c8-090c39aa43cc/elements {"using": "name", "value": "test-Password"}</msg>
<msg timestamp="20210112 01:08:45.034" level="DEBUG">http://127.0.0.1:4723 "POST /wd/hub/session/12084fe9-0f22-4af4-a5c8-090c39aa43cc/elements HTTP/1.1" 200 139</msg>
<msg timestamp="20210112 01:08:45.034" level="DEBUG">Finished Request</msg>
<msg timestamp="20210112 01:08:45.034" level="DEBUG">POST http://127.0.0.1:4723/wd/hub/session/12084fe9-0f22-4af4-a5c8-090c39aa43cc/element/40000000-0000-0000-5473-000000000000/clear {"id": "40000000-0000-0000-5473-000000000000"}</msg>
<msg timestamp="20210112 01:08:45.182" level="DEBUG">http://127.0.0.1:4723 "POST /wd/hub/session/12084fe9-0f22-4af4-a5c8-090c39aa43cc/element/40000000-0000-0000-5473-000000000000/clear HTTP/1.1" 200 14</msg>
<msg timestamp="20210112 01:08:45.182" level="DEBUG">Finished Request</msg>
<msg timestamp="20210112 01:08:45.182" level="TRACE">Return: None</msg>
<status status="PASS" starttime="20210112 01:08:44.826" endtime="20210112 01:08:45.182"></status>
</kw>
<msg timestamp="20210112 01:08:45.183" level="TRACE">Return: None</msg>
<status status="PASS" starttime="20210112 01:08:42.990" endtime="20210112 01:08:45.183"></status>
</kw>
<kw name="input username" library="LoginPageIos">
<arguments>
<arg>${username}</arg>
</arguments>
<msg timestamp="20210112 01:08:45.183" level="TRACE">Arguments: [ ${username}='problem_uses' ]</msg>
<kw name="Input Text" library="AppiumLibrary">
<doc>Types the given `text` into text field identified by `locator`.</doc>
<arguments>
<arg>${input_username}</arg>
<arg>${username}</arg>
</arguments>
<msg timestamp="20210112 01:08:45.183" level="TRACE">Arguments: [ 'name=test-Username' | 'problem_uses' ]</msg>
<msg timestamp="20210112 01:08:45.185" level="INFO">Typing text 'problem_uses' into text field 'name=test-Username'</msg>
<msg timestamp="20210112 01:08:45.185" level="DEBUG">POST http://127.0.0.1:4723/wd/hub/session/12084fe9-0f22-4af4-a5c8-090c39aa43cc/elements {"using": "name", "value": "test-Username"}</msg>
<msg timestamp="20210112 01:08:45.365" level="DEBUG">http://127.0.0.1:4723 "POST /wd/hub/session/12084fe9-0f22-4af4-a5c8-090c39aa43cc/elements HTTP/1.1" 200 139</msg>
<msg timestamp="20210112 01:08:45.366" level="DEBUG">Finished Request</msg>
<msg timestamp="20210112 01:08:45.366" level="DEBUG">POST http://127.0.0.1:4723/wd/hub/session/12084fe9-0f22-4af4-a5c8-090c39aa43cc/element/3F000000-0000-0000-5473-000000000000/value {"text": "problem_uses", "value": ["p", "r", "o", "b", "l", "e", "m", "_", "u", "s", "e", "s"], "id": "3F000000-0000-0000-5473-000000000000"}</msg>
<msg timestamp="20210112 01:08:45.929" level="DEBUG">http://127.0.0.1:4723 "POST /wd/hub/session/12084fe9-0f22-4af4-a5c8-090c39aa43cc/element/3F000000-0000-0000-5473-000000000000/value HTTP/1.1" 200 14</msg>
<msg timestamp="20210112 01:08:45.930" level="DEBUG">Finished Request</msg>
<msg timestamp="20210112 01:08:45.930" level="TRACE">Return: None</msg>
<status status="PASS" starttime="20210112 01:08:45.183" endtime="20210112 01:08:45.930"></status>
</kw>
<msg timestamp="20210112 01:08:45.930" level="TRACE">Return: None</msg>
<status status="PASS" starttime="20210112 01:08:45.183" endtime="20210112 01:08:45.930"></status>
</kw>
<kw name="input password" library="LoginPageIos">
<arguments>
<arg>${password}</arg>
</arguments>
<msg timestamp="20210112 01:08:45.930" level="TRACE">Arguments: [ ${password}='problem_user' ]</msg>
<kw name="Input Value" library="AppiumLibrary">
<doc>Sets the given value into text field identified by `locator`. This is an IOS only keyword, input value makes use of set_value</doc>
<arguments>
<arg>${input_password}</arg>
<arg>${password}</arg>
</arguments>
<msg timestamp="20210112 01:08:45.931" level="TRACE">Arguments: [ 'name=test-Password' | 'problem_user' ]</msg>
<msg timestamp="20210112 01:08:45.932" level="INFO">Setting text 'problem_user' into text field 'name=test-Password'</msg>
<msg timestamp="20210112 01:08:45.933" level="DEBUG">POST http://127.0.0.1:4723/wd/hub/session/12084fe9-0f22-4af4-a5c8-090c39aa43cc/elements {"using": "name", "value": "test-Password"}</msg>
<msg timestamp="20210112 01:08:46.104" level="DEBUG">http://127.0.0.1:4723 "POST /wd/hub/session/12084fe9-0f22-4af4-a5c8-090c39aa43cc/elements HTTP/1.1" 200 139</msg>
<msg timestamp="20210112 01:08:46.104" level="DEBUG">Finished Request</msg>
<msg timestamp="20210112 01:08:46.104" level="DEBUG">POST http://127.0.0.1:4723/wd/hub/session/12084fe9-0f22-4af4-a5c8-090c39aa43cc/appium/element/40000000-0000-0000-5473-000000000000/value {"id": "40000000-0000-0000-5473-000000000000", "value": ["problem_user"]}</msg>
<msg timestamp="20210112 01:08:47.160" level="DEBUG">http://127.0.0.1:4723 "POST /wd/hub/session/12084fe9-0f22-4af4-a5c8-090c39aa43cc/appium/element/40000000-0000-0000-5473-000000000000/value HTTP/1.1" 200 14</msg>
<msg timestamp="20210112 01:08:47.161" level="DEBUG">Finished Request</msg>
<msg timestamp="20210112 01:08:47.161" level="TRACE">Return: None</msg>
<status status="PASS" starttime="20210112 01:08:45.931" endtime="20210112 01:08:47.161"></status>
</kw>
<msg timestamp="20210112 01:08:47.161" level="TRACE">Return: None</msg>
<status status="PASS" starttime="20210112 01:08:45.930" endtime="20210112 01:08:47.161"></status>
</kw>
<kw name="click login button" library="LoginPageIos">
<msg timestamp="20210112 01:08:47.161" level="TRACE">Arguments: [  ]</msg>
<kw name="Click Element" library="AppiumLibrary">
<doc>Click element identified by `locator`.</doc>
<arguments>
<arg>${btn_login}</arg>
</arguments>
<msg timestamp="20210112 01:08:47.162" level="TRACE">Arguments: [ 'name=test-LOGIN' ]</msg>
<msg timestamp="20210112 01:08:47.163" level="INFO">Clicking element 'name=test-LOGIN'.</msg>
<msg timestamp="20210112 01:08:47.164" level="DEBUG">POST http://127.0.0.1:4723/wd/hub/session/12084fe9-0f22-4af4-a5c8-090c39aa43cc/elements {"using": "name", "value": "test-LOGIN"}</msg>
<msg timestamp="20210112 01:08:47.347" level="DEBUG">http://127.0.0.1:4723 "POST /wd/hub/session/12084fe9-0f22-4af4-a5c8-090c39aa43cc/elements HTTP/1.1" 200 139</msg>
<msg timestamp="20210112 01:08:47.347" level="DEBUG">Finished Request</msg>
<msg timestamp="20210112 01:08:47.348" level="DEBUG">POST http://127.0.0.1:4723/wd/hub/session/12084fe9-0f22-4af4-a5c8-090c39aa43cc/element/3B000000-0000-0000-5473-000000000000/click {"id": "3B000000-0000-0000-5473-000000000000"}</msg>
<msg timestamp="20210112 01:08:47.846" level="DEBUG">http://127.0.0.1:4723 "POST /wd/hub/session/12084fe9-0f22-4af4-a5c8-090c39aa43cc/element/3B000000-0000-0000-5473-000000000000/click HTTP/1.1" 200 65</msg>
<msg timestamp="20210112 01:08:47.846" level="DEBUG">Finished Request</msg>
<msg timestamp="20210112 01:08:47.847" level="TRACE">Return: None</msg>
<status status="PASS" starttime="20210112 01:08:47.162" endtime="20210112 01:08:47.847"></status>
</kw>
<msg timestamp="20210112 01:08:47.847" level="TRACE">Return: None</msg>
<status status="PASS" starttime="20210112 01:08:47.161" endtime="20210112 01:08:47.847"></status>
</kw>
<kw name="verify error message" library="LoginPageIos">
<arguments>
<arg>${err_message}</arg>
</arguments>
<msg timestamp="20210112 01:08:47.847" level="TRACE">Arguments: [ ${err_message}='Username and password do not match any user in this service.' ]</msg>
<kw name="Wait Until Element Is Visible" library="AppiumLibrary">
<doc>Waits until element specified with `locator` is visible.</doc>
<arguments>
<arg>${err_message}</arg>
<arg>${min_time_out}</arg>
</arguments>
<msg timestamp="20210112 01:08:47.848" level="TRACE">Arguments: [ 'Username and password do not match any user in this service.' | '5s' ]</msg>
<msg timestamp="20210112 01:08:47.848" level="DEBUG">POST http://127.0.0.1:4723/wd/hub/session/12084fe9-0f22-4af4-a5c8-090c39aa43cc/elements {"using": "id", "value": "Username and password do not match any user in this service."}</msg>
<msg timestamp="20210112 01:08:48.095" level="DEBUG">http://127.0.0.1:4723 "POST /wd/hub/session/12084fe9-0f22-4af4-a5c8-090c39aa43cc/elements HTTP/1.1" 200 267</msg>
<msg timestamp="20210112 01:08:48.096" level="DEBUG">Finished Request</msg>
<msg timestamp="20210112 01:08:48.096" level="DEBUG">GET http://127.0.0.1:4723/wd/hub/session/12084fe9-0f22-4af4-a5c8-090c39aa43cc/element/32000000-0000-0000-5473-000000000000/displayed {"id": "32000000-0000-0000-5473-000000000000"}</msg>
<msg timestamp="20210112 01:08:48.303" level="DEBUG">http://127.0.0.1:4723 "GET /wd/hub/session/12084fe9-0f22-4af4-a5c8-090c39aa43cc/element/32000000-0000-0000-5473-000000000000/displayed HTTP/1.1" 200 65</msg>
<msg timestamp="20210112 01:08:48.303" level="DEBUG">Finished Request</msg>
<msg timestamp="20210112 01:08:48.303" level="TRACE">Return: None</msg>
<status status="PASS" starttime="20210112 01:08:47.847" endtime="20210112 01:08:48.303"></status>
</kw>
<msg timestamp="20210112 01:08:48.303" level="TRACE">Return: None</msg>
<status status="PASS" starttime="20210112 01:08:47.847" endtime="20210112 01:08:48.304"></status>
</kw>
<msg timestamp="20210112 01:08:48.304" level="TRACE">Return: None</msg>
<status status="PASS" starttime="20210112 01:08:42.989" endtime="20210112 01:08:48.304"></status>
</kw>
<status status="PASS" starttime="20210112 01:08:42.989" endtime="20210112 01:08:48.304" critical="yes"></status>
</test>
<kw name="Close Application" library="AppiumLibrary" type="teardown">
<doc>Closes the current application and also close webdriver session.</doc>
<msg timestamp="20210112 01:08:48.305" level="TRACE">Arguments: [  ]</msg>
<msg timestamp="20210112 01:08:48.307" level="DEBUG">Closing application with session id 12084fe9-0f22-4af4-a5c8-090c39aa43cc</msg>
<msg timestamp="20210112 01:08:48.307" level="DEBUG">DELETE http://127.0.0.1:4723/wd/hub/session/12084fe9-0f22-4af4-a5c8-090c39aa43cc {}</msg>
<msg timestamp="20210112 01:08:49.353" level="DEBUG">http://127.0.0.1:4723 "DELETE /wd/hub/session/12084fe9-0f22-4af4-a5c8-090c39aa43cc HTTP/1.1" 200 14</msg>
<msg timestamp="20210112 01:08:49.353" level="DEBUG">Finished Request</msg>
<msg timestamp="20210112 01:08:49.353" level="TRACE">Return: None</msg>
<status status="PASS" starttime="20210112 01:08:48.305" endtime="20210112 01:08:49.353"></status>
</kw>
<status status="PASS" starttime="20210112 01:08:14.172" endtime="20210112 01:08:49.353"></status>
</suite>
<status status="PASS" starttime="20210112 01:08:14.153" endtime="20210112 01:08:49.356"></status>
</suite>
<statistics>
<total>
<stat pass="5" fail="0">Critical Tests</stat>
<stat pass="5" fail="0">All Tests</stat>
</total>
<tag>
</tag>
<suite>
<stat pass="5" fail="0" id="s1" name="Suites">Suites</stat>
<stat pass="5" fail="0" id="s1-s1" name="LoginIos">Suites.LoginIos</stat>
</suite>
</statistics>
<errors>
</errors>
</robot>
